2021-06-05 16:32:55:789  [TID      12196][INFO    ] Default Logger initialized [dmvcframework]
2021-06-05 16:32:55:789  [TID      12196][INFO    ] Server started on port 8000 [dmvcframework]
2021-06-05 16:33:17:681  [TID      22124][INFO    ] ENTER: Config default values [dmvcframework]
2021-06-05 16:33:17:681  [TID      22124][INFO    ] EXIT: Config default values [dmvcframework]
2021-06-05 16:33:17:681  [TID      22124][INFO    ] >> Custom configuration method [dmvcframework]
2021-06-05 16:33:17:681  [TID      22124][INFO    ] << Custom configuration method [dmvcframework]
2021-06-05 16:33:17:682  [TID      22124][INFO    ] ENTER: LoadSystemControllers [dmvcframework]
2021-06-05 16:33:17:682  [TID      22124][INFO    ] EXIT: LoadSystemControllers [dmvcframework]
2021-06-05 16:33:17:683  [TID      22124][INFO    ] GET:/ [0:0:0:0:0:0:0:1] -> {NOT FOUND} - 404 Not Found [dmvcframework]
2021-06-05 16:33:19:266  [TID      22124][ERROR   ] [EMVCException] Not Found (Custom message: "GET /") [dmvcframework]
2021-06-05 16:33:19:473  [TID       7636][INFO    ] GET:/favicon.ico [0:0:0:0:0:0:0:1] -> {NOT FOUND} - 404 Not Found [dmvcframework]
2021-06-05 16:33:20:579  [TID       7636][ERROR   ] [EMVCException] Not Found (Custom message: "GET /favicon.ico") [dmvcframework]
2021-06-05 16:33:27:155  [TID       6968][INFO    ] GET:/api [0:0:0:0:0:0:0:1] -> Sell.TControllerSells.Index - 200 OK [dmvcframework]
2021-06-05 16:33:45:401  [TID       6968][INFO    ] GET:/api/reversedstrings/value [0:0:0:0:0:0:0:1] -> Sell.TControllerSells.GetReversedString - 200 OK [dmvcframework]
2021-06-05 16:51:43:909  [TID      18276][INFO    ] Default Logger initialized [dmvcframework]
2021-06-05 16:51:43:931  [TID      18276][INFO    ] Server started on port 8000 [dmvcframework]
2021-06-05 16:52:00:536  [TID       3560][INFO    ] ENTER: Config default values [dmvcframework]
2021-06-05 16:52:00:536  [TID       3560][INFO    ] EXIT: Config default values [dmvcframework]
2021-06-05 16:52:00:536  [TID       3560][INFO    ] >> Custom configuration method [dmvcframework]
2021-06-05 16:52:00:536  [TID       3560][INFO    ] << Custom configuration method [dmvcframework]
2021-06-05 16:52:00:536  [TID       3560][INFO    ] ENTER: LoadSystemControllers [dmvcframework]
2021-06-05 16:52:00:536  [TID       3560][INFO    ] EXIT: LoadSystemControllers [dmvcframework]
2021-06-05 16:52:00:540  [TID       3560][INFO    ] GET:/api/customers/1 [0:0:0:0:0:0:0:1] -> Controller.Customer.TControllerSells.GetCustomer - 200 OK [dmvcframework]
2021-06-05 17:06:36:275  [TID      20408][INFO    ] Default Logger initialized [dmvcframework]
2021-06-05 17:06:36:275  [TID      20408][INFO    ] Server started on port 8000 [dmvcframework]
2021-06-05 17:06:41:332  [TID      20236][INFO    ] ENTER: Config default values [dmvcframework]
2021-06-05 17:06:41:332  [TID      20236][INFO    ] EXIT: Config default values [dmvcframework]
2021-06-05 17:06:41:332  [TID      20236][INFO    ] >> Custom configuration method [dmvcframework]
2021-06-05 17:06:41:332  [TID      20236][INFO    ] << Custom configuration method [dmvcframework]
2021-06-05 17:06:41:333  [TID      20236][INFO    ] ENTER: LoadSystemControllers [dmvcframework]
2021-06-05 17:06:41:333  [TID      20236][INFO    ] EXIT: LoadSystemControllers [dmvcframework]
2021-06-05 17:06:41:339  [TID      20236][INFO    ] GET:/api/customers/1 [0:0:0:0:0:0:0:1] -> Controller.Customer.TControllerSells.GetCustomer - 200 OK [dmvcframework]
2021-06-05 17:06:59:685  [TID      20236][ERROR   ] [EMVCException] Invalid Integer value for param [id] - [CLASS: EConvertError][MSG: '' is not a valid integer value] (Custom message: "") [dmvcframework]
2021-06-05 17:08:15:480  [TID      16460][INFO    ] Default Logger initialized [dmvcframework]
2021-06-05 17:08:15:481  [TID      16460][INFO    ] Server started on port 8000 [dmvcframework]
2021-06-05 17:08:19:533  [TID        404][INFO    ] ENTER: Config default values [dmvcframework]
2021-06-05 17:08:19:533  [TID        404][INFO    ] EXIT: Config default values [dmvcframework]
2021-06-05 17:08:19:533  [TID        404][INFO    ] >> Custom configuration method [dmvcframework]
2021-06-05 17:08:19:533  [TID        404][INFO    ] << Custom configuration method [dmvcframework]
2021-06-05 17:08:19:533  [TID        404][INFO    ] ENTER: LoadSystemControllers [dmvcframework]
2021-06-05 17:08:19:533  [TID        404][INFO    ] EXIT: LoadSystemControllers [dmvcframework]
2021-06-05 17:08:25:307  [TID        404][ERROR   ] [EMVCException] Invalid Integer value for param [id] - [CLASS: EConvertError][MSG: '' is not a valid integer value] (Custom message: "") [dmvcframework]
2021-06-05 17:08:53:422  [TID       9048][INFO    ] Default Logger initialized [dmvcframework]
2021-06-05 17:08:53:422  [TID       9048][INFO    ] Server started on port 8000 [dmvcframework]
2021-06-05 17:08:57:410  [TID      19360][INFO    ] ENTER: Config default values [dmvcframework]
2021-06-05 17:08:57:410  [TID      19360][INFO    ] EXIT: Config default values [dmvcframework]
2021-06-05 17:08:57:410  [TID      19360][INFO    ] >> Custom configuration method [dmvcframework]
2021-06-05 17:08:57:410  [TID      19360][INFO    ] << Custom configuration method [dmvcframework]
2021-06-05 17:08:57:410  [TID      19360][INFO    ] ENTER: LoadSystemControllers [dmvcframework]
2021-06-05 17:08:57:410  [TID      19360][INFO    ] EXIT: LoadSystemControllers [dmvcframework]
2021-06-05 17:09:02:883  [TID      19360][ERROR   ] [EMVCException] Invalid Integer value for param [id] - [CLASS: EConvertError][MSG: '' is not a valid integer value] (Custom message: "") [dmvcframework]
2021-06-05 17:09:13:772  [TID      19360][ERROR   ] [EMVCException] Invalid Integer value for param [id] - [CLASS: EConvertError][MSG: '' is not a valid integer value] (Custom message: "") [dmvcframework]
2021-06-05 17:09:17:622  [TID      19360][INFO    ] GET:/api/customers/1 [0:0:0:0:0:0:0:1] -> Controller.Customer.TControllerSells.GetCustomer - 200 OK [dmvcframework]
2021-06-05 17:09:19:528  [TID      19360][INFO    ] GET:/api/customers/2 [0:0:0:0:0:0:0:1] -> Controller.Customer.TControllerSells.GetCustomer - 200 OK [dmvcframework]
2021-06-05 17:10:08:167  [TID      17800][INFO    ] Default Logger initialized [dmvcframework]
2021-06-05 17:10:08:167  [TID      17800][INFO    ] Server started on port 8000 [dmvcframework]
2021-06-05 17:10:11:111  [TID      14908][INFO    ] ENTER: Config default values [dmvcframework]
2021-06-05 17:10:11:111  [TID      14908][INFO    ] EXIT: Config default values [dmvcframework]
2021-06-05 17:10:11:111  [TID      14908][INFO    ] >> Custom configuration method [dmvcframework]
2021-06-05 17:10:11:111  [TID      14908][INFO    ] << Custom configuration method [dmvcframework]
2021-06-05 17:10:11:112  [TID      14908][INFO    ] ENTER: LoadSystemControllers [dmvcframework]
2021-06-05 17:10:11:112  [TID      14908][INFO    ] EXIT: LoadSystemControllers [dmvcframework]
2021-06-05 17:10:11:116  [TID      14908][INFO    ] GET:/api/customers/2 [0:0:0:0:0:0:0:1] -> Controller.Customer.TControllerSells.GetCustomer - 200 OK [dmvcframework]
2021-06-05 17:10:13:840  [TID      14908][INFO    ] GET:/api/customers/1 [0:0:0:0:0:0:0:1] -> Controller.Customer.TControllerSells.GetCustomer - 200 OK [dmvcframework]
2021-06-05 17:10:25:813  [TID      14908][ERROR   ] [EMVCException] Invalid Integer value for param [id] - [CLASS: EConvertError][MSG: '' is not a valid integer value] (Custom message: "") [dmvcframework]
2021-06-05 17:10:50:641  [TID      14908][ERROR   ] [EMVCException] Invalid Integer value for param [id] - [CLASS: EConvertError][MSG: '' is not a valid integer value] (Custom message: "") [dmvcframework]
2021-06-05 17:11:10:091  [TID      14200][INFO    ] Default Logger initialized [dmvcframework]
2021-06-05 17:11:10:117  [TID      14200][INFO    ] Server started on port 8000 [dmvcframework]
2021-06-05 17:11:14:152  [TID      16072][INFO    ] ENTER: Config default values [dmvcframework]
2021-06-05 17:11:14:152  [TID      16072][INFO    ] EXIT: Config default values [dmvcframework]
2021-06-05 17:11:14:152  [TID      16072][INFO    ] >> Custom configuration method [dmvcframework]
2021-06-05 17:11:14:152  [TID      16072][INFO    ] << Custom configuration method [dmvcframework]
2021-06-05 17:11:14:153  [TID      16072][INFO    ] ENTER: LoadSystemControllers [dmvcframework]
2021-06-05 17:11:14:153  [TID      16072][INFO    ] EXIT: LoadSystemControllers [dmvcframework]
2021-06-05 17:11:31:816  [TID      16072][INFO    ] GET:/api/customers/1 [0:0:0:0:0:0:0:1] -> Controller.Customer.TControllerSells.GetCustomer - 200 OK [dmvcframework]
2021-06-05 17:11:46:407  [TID      16072][INFO    ] GET:/api/customers [0:0:0:0:0:0:0:1] -> Controller.Customer.TControllerSells.GetCustomers - 200 OK [dmvcframework]
2021-06-05 17:12:11:555  [TID      20172][INFO    ] Default Logger initialized [dmvcframework]
2021-06-05 17:12:11:574  [TID      20172][INFO    ] Server started on port 8000 [dmvcframework]
2021-06-05 17:12:14:006  [TID      17620][INFO    ] ENTER: Config default values [dmvcframework]
2021-06-05 17:12:14:006  [TID      17620][INFO    ] EXIT: Config default values [dmvcframework]
2021-06-05 17:12:14:006  [TID      17620][INFO    ] >> Custom configuration method [dmvcframework]
2021-06-05 17:12:14:006  [TID      17620][INFO    ] << Custom configuration method [dmvcframework]
2021-06-05 17:12:14:006  [TID      17620][INFO    ] ENTER: LoadSystemControllers [dmvcframework]
2021-06-05 17:12:14:006  [TID      17620][INFO    ] EXIT: LoadSystemControllers [dmvcframework]
2021-06-05 17:12:14:007  [TID      17620][INFO    ] GET:/api/customers [0:0:0:0:0:0:0:1] -> Controller.Customer.TControllerSells.GetCustomers - 200 OK [dmvcframework]
2021-06-05 17:39:56:322  [TID      12884][INFO    ] Default Logger initialized [dmvcframework]
2021-06-05 17:39:56:322  [TID      12884][INFO    ] Server started on port 8000 [dmvcframework]
2021-06-05 17:40:02:896  [TID      10512][INFO    ] ENTER: Config default values [dmvcframework]
2021-06-05 17:40:02:896  [TID      10512][INFO    ] EXIT: Config default values [dmvcframework]
2021-06-05 17:40:02:896  [TID      10512][INFO    ] >> Custom configuration method [dmvcframework]
2021-06-05 17:40:02:896  [TID      10512][INFO    ] << Custom configuration method [dmvcframework]
2021-06-05 17:40:02:896  [TID      10512][INFO    ] ENTER: LoadSystemControllers [dmvcframework]
2021-06-05 17:40:02:896  [TID      10512][INFO    ] EXIT: LoadSystemControllers [dmvcframework]
2021-06-05 17:40:07:777  [TID      10512][ERROR   ] [EResNotFound] Resource TDmConnection not found (Custom message: "Global Action Exception Handler") [dmvcframework]
2021-06-05 17:41:21:557  [TID       2092][INFO    ] Default Logger initialized [dmvcframework]
2021-06-05 17:41:21:578  [TID       2092][INFO    ] Server started on port 8000 [dmvcframework]
2021-06-05 17:41:24:049  [TID      13712][INFO    ] ENTER: Config default values [dmvcframework]
2021-06-05 17:41:24:049  [TID      13712][INFO    ] EXIT: Config default values [dmvcframework]
2021-06-05 17:41:24:049  [TID      13712][INFO    ] >> Custom configuration method [dmvcframework]
2021-06-05 17:41:24:049  [TID      13712][INFO    ] << Custom configuration method [dmvcframework]
2021-06-05 17:41:24:050  [TID      13712][INFO    ] ENTER: LoadSystemControllers [dmvcframework]
2021-06-05 17:41:24:050  [TID      13712][INFO    ] EXIT: LoadSystemControllers [dmvcframework]
2021-06-05 17:41:26:487  [TID      13712][ERROR   ] [EResNotFound] Resource TDmConnection not found (Custom message: "Global Action Exception Handler") [dmvcframework]
2021-06-05 17:41:41:003  [TID       6196][INFO    ] Default Logger initialized [dmvcframework]
2021-06-05 17:41:41:024  [TID       6196][INFO    ] Server started on port 8000 [dmvcframework]
2021-06-05 17:41:41:092  [TID      22468][INFO    ] ENTER: Config default values [dmvcframework]
2021-06-05 17:41:41:092  [TID      22468][INFO    ] EXIT: Config default values [dmvcframework]
2021-06-05 17:41:41:092  [TID      22468][INFO    ] >> Custom configuration method [dmvcframework]
2021-06-05 17:41:41:092  [TID      22468][INFO    ] << Custom configuration method [dmvcframework]
2021-06-05 17:41:41:092  [TID      22468][INFO    ] ENTER: LoadSystemControllers [dmvcframework]
2021-06-05 17:41:41:092  [TID      22468][INFO    ] EXIT: LoadSystemControllers [dmvcframework]
2021-06-05 17:41:53:456  [TID      22468][ERROR   ] [EResNotFound] Resource TDmConnection not found (Custom message: "Global Action Exception Handler") [dmvcframework]
2021-06-05 17:42:31:676  [TID      10196][INFO    ] Default Logger initialized [dmvcframework]
2021-06-05 17:42:31:677  [TID      10196][INFO    ] Server started on port 8000 [dmvcframework]
2021-06-05 17:42:36:164  [TID       8492][INFO    ] ENTER: Config default values [dmvcframework]
2021-06-05 17:42:36:164  [TID       8492][INFO    ] EXIT: Config default values [dmvcframework]
2021-06-05 17:42:36:164  [TID       8492][INFO    ] >> Custom configuration method [dmvcframework]
2021-06-05 17:42:36:164  [TID       8492][INFO    ] << Custom configuration method [dmvcframework]
2021-06-05 17:42:36:164  [TID       8492][INFO    ] ENTER: LoadSystemControllers [dmvcframework]
2021-06-05 17:42:36:164  [TID       8492][INFO    ] EXIT: LoadSystemControllers [dmvcframework]
2021-06-05 17:42:49:863  [TID       8492][ERROR   ] [EResNotFound] Resource TDmConnection not found (Custom message: "Global Action Exception Handler") [dmvcframework]
2021-06-05 17:43:52:203  [TID      15940][INFO    ] Default Logger initialized [dmvcframework]
2021-06-05 17:43:52:223  [TID      15940][INFO    ] Server started on port 8000 [dmvcframework]
2021-06-05 17:43:54:618  [TID      21452][INFO    ] ENTER: Config default values [dmvcframework]
2021-06-05 17:43:54:618  [TID      21452][INFO    ] EXIT: Config default values [dmvcframework]
2021-06-05 17:43:54:618  [TID      21452][INFO    ] >> Custom configuration method [dmvcframework]
2021-06-05 17:43:54:618  [TID      21452][INFO    ] << Custom configuration method [dmvcframework]
2021-06-05 17:43:54:618  [TID      21452][INFO    ] ENTER: LoadSystemControllers [dmvcframework]
2021-06-05 17:43:54:618  [TID      21452][INFO    ] EXIT: LoadSystemControllers [dmvcframework]
2021-06-05 17:43:56:560  [TID      21452][INFO    ] GET:/api/customers [0:0:0:0:0:0:0:1] -> Controller.Customer.TControllerSells.GetCustomers - 200 OK [dmvcframework]
2021-06-05 17:52:05:111  [TID      18952][INFO    ] GET:/api/customers [0:0:0:0:0:0:0:1] -> Controller.Customer.TControllerSells.GetCustomers - 200 OK [dmvcframework]
2021-06-05 18:23:38:132  [TID       5388][INFO    ] Default Logger initialized [dmvcframework]
2021-06-05 18:23:38:154  [TID       5388][INFO    ] Server started on port 8000 [dmvcframework]
2021-06-05 18:23:48:939  [TID       4752][INFO    ] ENTER: Config default values [dmvcframework]
2021-06-05 18:23:48:939  [TID       4752][INFO    ] EXIT: Config default values [dmvcframework]
2021-06-05 18:23:48:939  [TID       4752][INFO    ] >> Custom configuration method [dmvcframework]
2021-06-05 18:23:48:939  [TID       4752][INFO    ] << Custom configuration method [dmvcframework]
2021-06-05 18:23:48:939  [TID       4752][INFO    ] ENTER: LoadSystemControllers [dmvcframework]
2021-06-05 18:23:48:939  [TID       4752][INFO    ] EXIT: LoadSystemControllers [dmvcframework]
2021-06-05 18:23:48:996  [TID       4752][INFO    ] GET:/api/customers [0:0:0:0:0:0:0:1] -> Controller.Customer.TControllerSells.GetCustomers - 200 OK [dmvcframework]
2021-06-05 18:26:37:247  [TID      17184][INFO    ] GET:/api/customers [0:0:0:0:0:0:0:1] -> Controller.Customer.TControllerSells.GetCustomers - 200 OK [dmvcframework]
2021-06-05 18:26:38:323  [TID      21876][INFO    ] GET:/api/customers [0:0:0:0:0:0:0:1] -> Controller.Customer.TControllerSells.GetCustomers - 200 OK [dmvcframework]
2021-06-05 18:26:49:074  [TID      17184][INFO    ] GET:/api/ [0:0:0:0:0:0:0:1] -> {NOT FOUND} - 404 Not Found [dmvcframework]
2021-06-05 18:26:53:418  [TID      17184][ERROR   ] [EMVCException] Not Found (Custom message: "GET /api/") [dmvcframework]
2021-06-05 18:27:02:444  [TID      15524][INFO    ] GET:/api [0:0:0:0:0:0:0:1] -> Controller.Customer.TControllerSells.Index - 200 OK [dmvcframework]
2021-06-05 18:27:16:361  [TID      21876][INFO    ] GET:/api [0:0:0:0:0:0:0:1] -> Controller.Customer.TControllerSells.Index - 200 OK [dmvcframework]
2021-06-05 18:27:18:190  [TID      21876][INFO    ] GET:/api/customers [0:0:0:0:0:0:0:1] -> Controller.Customer.TControllerSells.GetCustomers - 200 OK [dmvcframework]
2021-06-05 18:27:19:419  [TID      21876][INFO    ] GET:/api/customers [0:0:0:0:0:0:0:1] -> Controller.Customer.TControllerSells.GetCustomers - 200 OK [dmvcframework]
2021-06-05 18:28:30:984  [TID       4432][INFO    ] GET:/api/customers [0:0:0:0:0:0:0:1] -> Controller.Customer.TControllerSells.GetCustomers - 200 OK [dmvcframework]
2021-06-05 18:28:52:788  [TID       1588][INFO    ] GET:/api/customers [0:0:0:0:0:0:0:1] -> Controller.Customer.TControllerSells.GetCustomers - 200 OK [dmvcframework]
2021-06-05 18:29:03:703  [TID       4432][INFO    ] GET:/api/customers [0:0:0:0:0:0:0:1] -> Controller.Customer.TControllerSells.GetCustomers - 200 OK [dmvcframework]
2021-06-05 18:29:19:187  [TID       4432][INFO    ] GET:/api/customers [0:0:0:0:0:0:0:1] -> Controller.Customer.TControllerSells.GetCustomers - 200 OK [dmvcframework]
2021-06-05 18:29:22:331  [TID       4432][INFO    ] GET:/api/customers [0:0:0:0:0:0:0:1] -> Controller.Customer.TControllerSells.GetCustomers - 200 OK [dmvcframework]
2021-06-05 21:42:24:831  [TID       4912][INFO    ] Default Logger initialized [dmvcframework]
2021-06-05 21:42:24:851  [TID       4912][INFO    ] Server started on port 8000 [dmvcframework]
2021-06-05 21:42:34:687  [TID       7308][INFO    ] ENTER: Config default values [dmvcframework]
2021-06-05 21:42:34:687  [TID       7308][INFO    ] EXIT: Config default values [dmvcframework]
2021-06-05 21:42:34:687  [TID       7308][INFO    ] >> Custom configuration method [dmvcframework]
2021-06-05 21:42:34:687  [TID       7308][INFO    ] << Custom configuration method [dmvcframework]
2021-06-05 21:42:34:687  [TID       7308][INFO    ] ENTER: LoadSystemControllers [dmvcframework]
2021-06-05 21:42:34:687  [TID       7308][INFO    ] EXIT: LoadSystemControllers [dmvcframework]
2021-06-05 21:42:34:743  [TID       7308][INFO    ] GET:/api/customers [0:0:0:0:0:0:0:1] -> Controller.Customer.TControllerSells.GetCustomers - 200 OK [dmvcframework]
2021-06-05 21:42:43:485  [TID       7308][ERROR   ] [EAccessViolation] Access violation at address 00968FC3 in module 'ApiServer.exe'. Read of address 0000006C (Custom message: "Global Action Exception Handler") [dmvcframework]
2021-06-05 21:43:26:896  [TID       7216][INFO    ] Default Logger initialized [dmvcframework]
2021-06-05 21:43:26:918  [TID       7216][INFO    ] Server started on port 8000 [dmvcframework]
2021-06-05 21:43:26:976  [TID      22412][INFO    ] ENTER: Config default values [dmvcframework]
2021-06-05 21:43:26:976  [TID      22412][INFO    ] EXIT: Config default values [dmvcframework]
2021-06-05 21:43:26:976  [TID      22412][INFO    ] >> Custom configuration method [dmvcframework]
2021-06-05 21:43:26:976  [TID      22412][INFO    ] << Custom configuration method [dmvcframework]
2021-06-05 21:43:26:976  [TID      22412][INFO    ] ENTER: LoadSystemControllers [dmvcframework]
2021-06-05 21:43:26:976  [TID      22412][INFO    ] EXIT: LoadSystemControllers [dmvcframework]
2021-06-05 21:45:49:055  [TID       7024][INFO    ] Default Logger initialized [dmvcframework]
2021-06-05 21:45:49:081  [TID       7024][INFO    ] Server started on port 8000 [dmvcframework]
2021-06-05 21:45:54:238  [TID      10576][INFO    ] ENTER: Config default values [dmvcframework]
2021-06-05 21:45:54:238  [TID      10576][INFO    ] EXIT: Config default values [dmvcframework]
2021-06-05 21:45:54:238  [TID      10576][INFO    ] >> Custom configuration method [dmvcframework]
2021-06-05 21:45:54:238  [TID      10576][INFO    ] << Custom configuration method [dmvcframework]
2021-06-05 21:45:54:238  [TID      10576][INFO    ] ENTER: LoadSystemControllers [dmvcframework]
2021-06-05 21:45:54:238  [TID      10576][INFO    ] EXIT: LoadSystemControllers [dmvcframework]
2021-06-05 21:46:01:687  [TID      10576][ERROR   ] [EDatabaseError] fdqCustomer: Field 'CONTACT_FIRST' not found (Custom message: "Global Action Exception Handler") [dmvcframework]
2021-06-05 21:46:47:746  [TID      18728][INFO    ] Default Logger initialized [dmvcframework]
2021-06-05 21:46:47:789  [TID      18728][INFO    ] Server started on port 8000 [dmvcframework]
2021-06-05 21:46:51:983  [TID       8708][INFO    ] ENTER: Config default values [dmvcframework]
2021-06-05 21:46:51:983  [TID       8708][INFO    ] EXIT: Config default values [dmvcframework]
2021-06-05 21:46:51:983  [TID       8708][INFO    ] >> Custom configuration method [dmvcframework]
2021-06-05 21:46:51:983  [TID       8708][INFO    ] << Custom configuration method [dmvcframework]
2021-06-05 21:46:51:983  [TID       8708][INFO    ] ENTER: LoadSystemControllers [dmvcframework]
2021-06-05 21:46:51:983  [TID       8708][INFO    ] EXIT: LoadSystemControllers [dmvcframework]
2021-06-05 21:47:00:255  [TID       8708][ERROR   ] [EDatabaseError] fdqCustomer: Field 'CONTACT_FIRST' not found (Custom message: "Global Action Exception Handler") [dmvcframework]
2021-06-05 21:49:07:801  [TID       3592][INFO    ] Default Logger initialized [dmvcframework]
2021-06-05 21:49:07:822  [TID       3592][INFO    ] Server started on port 8000 [dmvcframework]
2021-06-05 21:49:15:461  [TID       7788][INFO    ] ENTER: Config default values [dmvcframework]
2021-06-05 21:49:15:461  [TID       7788][INFO    ] EXIT: Config default values [dmvcframework]
2021-06-05 21:49:15:461  [TID       7788][INFO    ] >> Custom configuration method [dmvcframework]
2021-06-05 21:49:15:461  [TID       7788][INFO    ] << Custom configuration method [dmvcframework]
2021-06-05 21:49:15:461  [TID       7788][INFO    ] ENTER: LoadSystemControllers [dmvcframework]
2021-06-05 21:49:15:461  [TID       7788][INFO    ] EXIT: LoadSystemControllers [dmvcframework]
2021-06-05 21:49:41:660  [TID      20972][INFO    ] Default Logger initialized [dmvcframework]
2021-06-05 21:49:41:660  [TID      20972][INFO    ] Server started on port 8000 [dmvcframework]
2021-06-05 21:49:41:717  [TID      11224][INFO    ] ENTER: Config default values [dmvcframework]
2021-06-05 21:49:41:717  [TID      11224][INFO    ] EXIT: Config default values [dmvcframework]
2021-06-05 21:49:41:717  [TID      11224][INFO    ] >> Custom configuration method [dmvcframework]
2021-06-05 21:49:41:717  [TID      11224][INFO    ] << Custom configuration method [dmvcframework]
2021-06-05 21:49:41:717  [TID      11224][INFO    ] ENTER: LoadSystemControllers [dmvcframework]
2021-06-05 21:49:41:717  [TID      11224][INFO    ] EXIT: LoadSystemControllers [dmvcframework]
2021-06-05 21:49:52:909  [TID      11224][ERROR   ] [EDatabaseError] fdqCustomer: Field 'CONTACT_FIRST' not found (Custom message: "Global Action Exception Handler") [dmvcframework]
2021-06-05 21:51:02:635  [TID      20676][INFO    ] Default Logger initialized [dmvcframework]
2021-06-05 21:51:02:655  [TID      20676][INFO    ] Server started on port 8000 [dmvcframework]
2021-06-05 21:51:06:656  [TID       5324][INFO    ] ENTER: Config default values [dmvcframework]
2021-06-05 21:51:06:656  [TID       5324][INFO    ] EXIT: Config default values [dmvcframework]
2021-06-05 21:51:06:656  [TID       5324][INFO    ] >> Custom configuration method [dmvcframework]
2021-06-05 21:51:06:656  [TID       5324][INFO    ] << Custom configuration method [dmvcframework]
2021-06-05 21:51:06:656  [TID       5324][INFO    ] ENTER: LoadSystemControllers [dmvcframework]
2021-06-05 21:51:06:656  [TID       5324][INFO    ] EXIT: LoadSystemControllers [dmvcframework]
2021-06-05 21:51:12:848  [TID       5324][ERROR   ] [EClassNotFound] Class TIntegerField not found (Custom message: "Global Action Exception Handler") [dmvcframework]
2021-06-05 21:51:51:486  [TID      15024][INFO    ] Default Logger initialized [dmvcframework]
2021-06-05 21:51:51:509  [TID      15024][INFO    ] Server started on port 8000 [dmvcframework]
2021-06-05 21:51:51:598  [TID       4356][INFO    ] ENTER: Config default values [dmvcframework]
2021-06-05 21:51:51:598  [TID       4356][INFO    ] EXIT: Config default values [dmvcframework]
2021-06-05 21:51:51:598  [TID       4356][INFO    ] >> Custom configuration method [dmvcframework]
2021-06-05 21:51:51:598  [TID       4356][INFO    ] << Custom configuration method [dmvcframework]
2021-06-05 21:51:51:599  [TID       4356][INFO    ] ENTER: LoadSystemControllers [dmvcframework]
2021-06-05 21:51:51:599  [TID       4356][INFO    ] EXIT: LoadSystemControllers [dmvcframework]
2021-06-05 21:52:26:934  [TID      19496][INFO    ] Default Logger initialized [dmvcframework]
2021-06-05 21:52:26:934  [TID      19496][INFO    ] Server started on port 8000 [dmvcframework]
2021-06-05 21:52:31:732  [TID      13608][INFO    ] ENTER: Config default values [dmvcframework]
2021-06-05 21:52:31:732  [TID      13608][INFO    ] EXIT: Config default values [dmvcframework]
2021-06-05 21:52:31:732  [TID      13608][INFO    ] >> Custom configuration method [dmvcframework]
2021-06-05 21:52:31:732  [TID      13608][INFO    ] << Custom configuration method [dmvcframework]
2021-06-05 21:52:31:732  [TID      13608][INFO    ] ENTER: LoadSystemControllers [dmvcframework]
2021-06-05 21:52:31:732  [TID      13608][INFO    ] EXIT: LoadSystemControllers [dmvcframework]
2021-06-05 21:52:31:733  [TID      14320][INFO    ] ENTER: Config default values [dmvcframework]
2021-06-05 21:52:31:733  [TID      14320][INFO    ] EXIT: Config default values [dmvcframework]
2021-06-05 21:52:31:733  [TID      14320][INFO    ] >> Custom configuration method [dmvcframework]
2021-06-05 21:52:31:733  [TID      14320][INFO    ] << Custom configuration method [dmvcframework]
2021-06-05 21:52:31:733  [TID      14320][INFO    ] ENTER: LoadSystemControllers [dmvcframework]
2021-06-05 21:52:31:733  [TID      14320][INFO    ] EXIT: LoadSystemControllers [dmvcframework]
2021-06-05 21:52:37:293  [TID      13608][ERROR   ] [EClassNotFound] Class TIntegerField not found (Custom message: "Global Action Exception Handler") [dmvcframework]
2021-06-05 21:52:37:336  [TID      14320][ERROR   ] [EClassNotFound] Class TIntegerField not found (Custom message: "Global Action Exception Handler") [dmvcframework]
2021-06-05 21:55:12:371  [TID       8268][INFO    ] Default Logger initialized [dmvcframework]
2021-06-05 21:55:12:403  [TID       8268][INFO    ] Server started on port 8000 [dmvcframework]
2021-06-05 21:55:18:352  [TID      14720][INFO    ] ENTER: Config default values [dmvcframework]
2021-06-05 21:55:18:352  [TID      14720][INFO    ] EXIT: Config default values [dmvcframework]
2021-06-05 21:55:18:352  [TID      14720][INFO    ] >> Custom configuration method [dmvcframework]
2021-06-05 21:55:18:352  [TID      14720][INFO    ] << Custom configuration method [dmvcframework]
2021-06-05 21:55:18:352  [TID      14720][INFO    ] ENTER: LoadSystemControllers [dmvcframework]
2021-06-05 21:55:18:352  [TID      14720][INFO    ] EXIT: LoadSystemControllers [dmvcframework]
2021-06-05 21:55:29:278  [TID      14720][INFO    ] GET:/api/customers/1001 [0:0:0:0:0:0:0:1] -> Controller.Customer.TControllerSells.GetCustomer - 200 OK [dmvcframework]
2021-06-06 07:01:59:682  [TID      16244][INFO    ] Default Logger initialized [dmvcframework]
2021-06-06 07:01:59:695  [TID      16244][INFO    ] Server started on port 8000 [dmvcframework]
2021-06-06 07:10:02:623  [TID      21404][INFO    ] Default Logger initialized [dmvcframework]
2021-06-06 07:10:02:623  [TID      21404][INFO    ] Server started on port 8000 [dmvcframework]
2021-06-06 07:10:14:858  [TID      21108][INFO    ] ENTER: Config default values [dmvcframework]
2021-06-06 07:10:14:858  [TID      21108][INFO    ] EXIT: Config default values [dmvcframework]
2021-06-06 07:10:14:858  [TID      21108][INFO    ] >> Custom configuration method [dmvcframework]
2021-06-06 07:10:14:858  [TID      21108][INFO    ] << Custom configuration method [dmvcframework]
2021-06-06 07:10:14:858  [TID      21108][INFO    ] ENTER: LoadSystemControllers [dmvcframework]
2021-06-06 07:10:14:858  [TID      21108][INFO    ] EXIT: LoadSystemControllers [dmvcframework]
2021-06-06 07:10:14:930  [TID      21108][INFO    ] GET:/api/customers/1001 [0:0:0:0:0:0:0:1] -> Controller.Customer.TControllerSells.GetCustomer - 200 OK [dmvcframework]
2021-06-06 07:10:17:421  [TID      21108][INFO    ] GET:/api/customers [0:0:0:0:0:0:0:1] -> Controller.Customer.TControllerSells.GetCustomers - 200 OK [dmvcframework]
2021-06-06 07:13:15:385  [TID       2728][INFO    ] GET:/ [0:0:0:0:0:0:0:1] -> {NOT FOUND} - 404 Not Found [dmvcframework]
2021-06-06 07:13:20:363  [TID       2728][ERROR   ] [EMVCException] Not Found (Custom message: "GET /") [dmvcframework]
2021-06-06 07:13:20:419  [TID      21596][INFO    ] ENTER: Config default values [dmvcframework]
2021-06-06 07:13:20:419  [TID      21596][INFO    ] EXIT: Config default values [dmvcframework]
2021-06-06 07:13:20:419  [TID      21596][INFO    ] >> Custom configuration method [dmvcframework]
2021-06-06 07:13:20:419  [TID      21596][INFO    ] << Custom configuration method [dmvcframework]
2021-06-06 07:13:20:419  [TID      21596][INFO    ] ENTER: LoadSystemControllers [dmvcframework]
2021-06-06 07:13:20:419  [TID      21596][INFO    ] EXIT: LoadSystemControllers [dmvcframework]
2021-06-06 07:13:20:432  [TID      21596][INFO    ] GET:/customers [0:0:0:0:0:0:0:1] -> {NOT FOUND} - 404 Not Found [dmvcframework]
2021-06-06 07:13:23:663  [TID      21596][ERROR   ] [EMVCException] Not Found (Custom message: "GET /customers") [dmvcframework]
2021-06-06 07:13:35:975  [TID       3616][INFO    ] GET:/api/customers [0:0:0:0:0:0:0:1] -> Controller.Customer.TControllerSells.GetCustomers - 200 OK [dmvcframework]
2021-06-06 07:13:37:240  [TID      12156][INFO    ] GET:/api/customers [0:0:0:0:0:0:0:1] -> Controller.Customer.TControllerSells.GetCustomers - 200 OK [dmvcframework]
2021-06-06 07:14:58:022  [TID       9440][INFO    ] GET:/api/customers [0:0:0:0:0:0:0:1] -> Controller.Customer.TControllerSells.GetCustomers - 200 OK [dmvcframework]
2021-06-06 07:15:06:000  [TID       9440][INFO    ] GET:/api/customers [0:0:0:0:0:0:0:1] -> Controller.Customer.TControllerSells.GetCustomers - 200 OK [dmvcframework]
2021-06-06 07:17:03:393  [TID      12156][INFO    ] GET:/api/customers [0:0:0:0:0:0:0:1] -> Controller.Customer.TControllerSells.GetCustomers - 200 OK [dmvcframework]
2021-06-06 07:17:10:668  [TID       9440][INFO    ] GET:/api/customers [0:0:0:0:0:0:0:1] -> Controller.Customer.TControllerSells.GetCustomers - 200 OK [dmvcframework]
2021-06-06 07:17:18:127  [TID       9440][INFO    ] GET:/api/customers [0:0:0:0:0:0:0:1] -> Controller.Customer.TControllerSells.GetCustomers - 200 OK [dmvcframework]
2021-06-06 07:17:54:625  [TID       9440][INFO    ] GET:/api/customers [0:0:0:0:0:0:0:1] -> Controller.Customer.TControllerSells.GetCustomers - 200 OK [dmvcframework]
2021-06-06 07:18:28:484  [TID       2248][INFO    ] GET:/api/customers [0:0:0:0:0:0:0:1] -> Controller.Customer.TControllerSells.GetCustomers - 200 OK [dmvcframework]
2021-06-06 07:18:45:669  [TID       9440][INFO    ] GET:/api/customers [0:0:0:0:0:0:0:1] -> Controller.Customer.TControllerSells.GetCustomers - 200 OK [dmvcframework]
2021-06-06 07:18:54:172  [TID       9440][INFO    ] GET:/api/customers [0:0:0:0:0:0:0:1] -> Controller.Customer.TControllerSells.GetCustomers - 200 OK [dmvcframework]
2021-06-06 07:18:58:723  [TID       2248][INFO    ] GET:/api/customers [0:0:0:0:0:0:0:1] -> Controller.Customer.TControllerSells.GetCustomers - 200 OK [dmvcframework]
2021-06-06 07:19:21:313  [TID       2248][INFO    ] GET:/api/customers [0:0:0:0:0:0:0:1] -> Controller.Customer.TControllerSells.GetCustomers - 200 OK [dmvcframework]
2021-06-06 07:20:24:225  [TID      12156][INFO    ] GET:/api/customers [0:0:0:0:0:0:0:1] -> Controller.Customer.TControllerSells.GetCustomers - 200 OK [dmvcframework]
2021-06-06 07:21:06:616  [TID      16488][INFO    ] GET:/api/customers [0:0:0:0:0:0:0:1] -> Controller.Customer.TControllerSells.GetCustomers - 200 OK [dmvcframework]
2021-06-06 07:21:16:642  [TID      12156][INFO    ] GET:/api/customers [0:0:0:0:0:0:0:1] -> Controller.Customer.TControllerSells.GetCustomers - 200 OK [dmvcframework]
2021-06-06 21:40:02:713  [TID      18008][INFO    ] Default Logger initialized [dmvcframework]
2021-06-06 21:40:02:780  [TID      18008][INFO    ] Server started on port 8000 [dmvcframework]
2021-06-06 21:40:12:958  [TID      18300][INFO    ] ENTER: Config default values [dmvcframework]
2021-06-06 21:40:12:958  [TID      18300][INFO    ] EXIT: Config default values [dmvcframework]
2021-06-06 21:40:12:958  [TID      18300][INFO    ] >> Custom configuration method [dmvcframework]
2021-06-06 21:40:12:958  [TID      18300][INFO    ] << Custom configuration method [dmvcframework]
2021-06-06 21:40:12:959  [TID      18300][INFO    ] ENTER: LoadSystemControllers [dmvcframework]
2021-06-06 21:40:12:959  [TID      18300][INFO    ] EXIT: LoadSystemControllers [dmvcframework]
2021-06-06 21:40:13:325  [TID      18300][INFO    ] GET:/api/customers [0:0:0:0:0:0:0:1] -> Controller.Customer.TControllerSells.GetCustomers - 200 OK [dmvcframework]
2021-06-06 21:49:26:520  [TID       2204][INFO    ] Default Logger initialized [dmvcframework]
2021-06-06 21:49:26:574  [TID       2204][INFO    ] Server started on port 8000 [dmvcframework]
2021-06-06 21:49:26:727  [TID       7364][INFO    ] ENTER: Config default values [dmvcframework]
2021-06-06 21:49:26:727  [TID       7364][INFO    ] EXIT: Config default values [dmvcframework]
2021-06-06 21:49:26:727  [TID       7364][INFO    ] >> Custom configuration method [dmvcframework]
2021-06-06 21:49:26:727  [TID       7364][INFO    ] << Custom configuration method [dmvcframework]
2021-06-06 21:49:26:728  [TID       7364][INFO    ] ENTER: LoadSystemControllers [dmvcframework]
2021-06-06 21:49:26:728  [TID       7364][INFO    ] EXIT: LoadSystemControllers [dmvcframework]
2021-06-06 21:49:26:853  [TID       7364][INFO    ] GET:/api/customers [127.0.0.1] -> Controller.Customer.TControllerSells.GetCustomers - 200 OK [dmvcframework]
2021-06-06 22:34:20:280  [TID      18092][INFO    ] GET:/api/customers [0:0:0:0:0:0:0:1] -> Controller.Customer.TControllerSells.GetCustomers - 200 OK [dmvcframework]
2021-06-06 22:34:22:587  [TID      19584][INFO    ] GET:/api/customers [0:0:0:0:0:0:0:1] -> Controller.Customer.TControllerSells.GetCustomers - 200 OK [dmvcframework]
2021-06-06 22:37:32:929  [TID      22336][INFO    ] GET:/api/customers [0:0:0:0:0:0:0:1] -> Controller.Customer.TControllerSells.GetCustomers - 200 OK [dmvcframework]
2021-06-06 22:37:34:562  [TID      18092][INFO    ] GET:/api/customers [0:0:0:0:0:0:0:1] -> Controller.Customer.TControllerSells.GetCustomers - 200 OK [dmvcframework]
2021-06-06 22:37:38:446  [TID      18092][INFO    ] GET:/api/customers [0:0:0:0:0:0:0:1] -> Controller.Customer.TControllerSells.GetCustomers - 200 OK [dmvcframework]
2021-06-06 22:37:39:673  [TID      18092][INFO    ] GET:/api/customers [0:0:0:0:0:0:0:1] -> Controller.Customer.TControllerSells.GetCustomers - 200 OK [dmvcframework]
2021-06-06 22:37:43:820  [TID      18092][INFO    ] GET:/api/customers [0:0:0:0:0:0:0:1] -> Controller.Customer.TControllerSells.GetCustomers - 200 OK [dmvcframework]
2021-06-06 22:37:47:339  [TID      22336][INFO    ] GET:/api/customers [0:0:0:0:0:0:0:1] -> Controller.Customer.TControllerSells.GetCustomers - 200 OK [dmvcframework]
2021-06-06 22:37:54:835  [TID      22336][INFO    ] GET:/api/customers [0:0:0:0:0:0:0:1] -> Controller.Customer.TControllerSells.GetCustomers - 200 OK [dmvcframework]
2021-06-06 22:40:23:082  [TID       4208][INFO    ] GET:/api/customers [0:0:0:0:0:0:0:1] -> Controller.Customer.TControllerSells.GetCustomers - 200 OK [dmvcframework]
2021-06-07 20:16:06:057  [TID       2108][INFO    ] Default Logger initialized [dmvcframework]
2021-06-07 20:16:06:077  [TID       2108][INFO    ] Server started on port 8000 [dmvcframework]
2021-06-07 20:16:15:255  [TID      21760][INFO    ] ENTER: Config default values [dmvcframework]
2021-06-07 20:16:15:255  [TID      21760][INFO    ] EXIT: Config default values [dmvcframework]
2021-06-07 20:16:15:255  [TID      21760][INFO    ] >> Custom configuration method [dmvcframework]
2021-06-07 20:16:15:255  [TID      21760][INFO    ] << Custom configuration method [dmvcframework]
2021-06-07 20:16:15:255  [TID      21760][INFO    ] ENTER: LoadSystemControllers [dmvcframework]
2021-06-07 20:16:15:255  [TID      21760][INFO    ] EXIT: LoadSystemControllers [dmvcframework]
2021-06-07 20:16:15:495  [TID      21760][INFO    ] GET:/api/customers [0:0:0:0:0:0:0:1] -> Controller.Customer.TControllerSells.GetCustomers - 200 OK [dmvcframework]
2021-06-07 20:22:22:290  [TID      16092][INFO    ] Default Logger initialized [dmvcframework]
2021-06-07 20:22:22:338  [TID      16092][INFO    ] Server started on port 8000 [dmvcframework]
2021-06-07 20:23:13:317  [TID       2624][INFO    ] ENTER: Config default values [dmvcframework]
2021-06-07 20:23:13:317  [TID       2624][INFO    ] EXIT: Config default values [dmvcframework]
2021-06-07 20:23:13:317  [TID       2624][INFO    ] >> Custom configuration method [dmvcframework]
2021-06-07 20:23:13:317  [TID       2624][INFO    ] << Custom configuration method [dmvcframework]
2021-06-07 20:23:13:317  [TID       2624][INFO    ] ENTER: LoadSystemControllers [dmvcframework]
2021-06-07 20:23:13:317  [TID       2624][INFO    ] EXIT: LoadSystemControllers [dmvcframework]
2021-06-07 20:23:13:367  [TID       2624][INFO    ] GET:/api/customers [0:0:0:0:0:0:0:1] -> Controller.Customer.TControllerSells.GetCustomers - 200 OK [dmvcframework]
2021-06-07 20:23:13:494  [TID      12676][INFO    ] GET:/api/customers [0:0:0:0:0:0:0:1] -> Controller.Customer.TControllerSells.GetCustomers - 200 OK [dmvcframework]
2021-06-07 20:23:14:678  [TID      12676][INFO    ] GET:/api/customers [0:0:0:0:0:0:0:1] -> Controller.Customer.TControllerSells.GetCustomers - 200 OK [dmvcframework]
2021-06-07 20:23:19:537  [TID      21684][INFO    ] ENTER: Config default values [dmvcframework]
2021-06-07 20:23:19:537  [TID      21684][INFO    ] EXIT: Config default values [dmvcframework]
2021-06-07 20:23:19:537  [TID      21684][INFO    ] >> Custom configuration method [dmvcframework]
2021-06-07 20:23:19:537  [TID      21684][INFO    ] << Custom configuration method [dmvcframework]
2021-06-07 20:23:19:537  [TID      21684][INFO    ] ENTER: LoadSystemControllers [dmvcframework]
2021-06-07 20:23:19:537  [TID      21684][INFO    ] EXIT: LoadSystemControllers [dmvcframework]
2021-06-07 20:23:19:546  [TID      12676][INFO    ] GET:/api/customers [0:0:0:0:0:0:0:1] -> Controller.Customer.TControllerSells.GetCustomers - 200 OK [dmvcframework]
2021-06-07 20:23:19:550  [TID      21684][INFO    ] GET:/api/customers [0:0:0:0:0:0:0:1] -> Controller.Customer.TControllerSells.GetCustomers - 200 OK [dmvcframework]
2021-06-07 20:23:23:590  [TID       2624][INFO    ] GET:/api/customers [0:0:0:0:0:0:0:1] -> Controller.Customer.TControllerSells.GetCustomers - 200 OK [dmvcframework]
2021-06-07 21:06:44:846  [TID      11648][INFO    ] GET:/api/customers [0:0:0:0:0:0:0:1] -> Controller.Customer.TControllerSells.GetCustomers - 200 OK [dmvcframework]
2021-06-07 21:06:44:984  [TID       3620][INFO    ] GET:/api/customers [0:0:0:0:0:0:0:1] -> Controller.Customer.TControllerSells.GetCustomers - 200 OK [dmvcframework]
2021-06-07 21:15:46:773  [TID      23096][INFO    ] GET:/api/customers [0:0:0:0:0:0:0:1] -> Controller.Customer.TControllerSells.GetCustomers - 200 OK [dmvcframework]
2021-06-07 21:15:46:782  [TID      20148][INFO    ] GET:/api/customers [0:0:0:0:0:0:0:1] -> Controller.Customer.TControllerSells.GetCustomers - 200 OK [dmvcframework]
2021-06-07 21:16:05:145  [TID      20148][INFO    ] GET:/api/customers [0:0:0:0:0:0:0:1] -> Controller.Customer.TControllerSells.GetCustomers - 200 OK [dmvcframework]
2021-06-07 21:16:05:156  [TID      15872][INFO    ] GET:/api/customers [0:0:0:0:0:0:0:1] -> Controller.Customer.TControllerSells.GetCustomers - 200 OK [dmvcframework]
